<?xml version="1.0" encoding="UTF-8"?>
<testng-results ignored="0" total="1" passed="1" failed="0" skipped="0">
  <reporter-output>
  </reporter-output>
  <suite started-at="2020-07-19T21:32:16 EDT" name="Default suite" finished-at="2020-07-19T21:32:50 EDT" duration-ms="33367">
    <groups>
    </groups>
    <test started-at="2020-07-19T21:32:16 EDT" name="Default test" finished-at="2020-07-19T21:32:50 EDT" duration-ms="33367">
      <class name="Practice.Reg">
        <test-method signature="RegisterUser()[pri:0, instance:Practice.Reg@7ff95560]" started-at="2020-07-19T21:32:16 EDT" name="RegisterUser" finished-at="2020-07-19T21:32:50 EDT" duration-ms="33267" status="PASS">
          <reporter-output>
          </reporter-output>
        </test-method> <!-- RegisterUser -->
      </class> <!-- Practice.Reg -->
    </test> <!-- Default test -->
  </suite> <!-- Default suite -->
</testng-results>
